<?xml version="1.0" encoding="UTF-8"?>
<!-- Generated by org.testng.reporters.JUnitReportReporter -->
<testsuite skipped="0" hostname="LPT-SKODHA.local" name="website_searcher.MyTest" tests="5" failures="0" timestamp="15 Jul 2018 22:59:19 GMT" time="0.042" errors="0">
  <testcase name="finding_search" time="0.006" classname="website_searcher.MyTest"/>
  <testcase name="finding_search" time="0.011" classname="website_searcher.MyTest"/>
  <testcase name="finding_search" time="0.010" classname="website_searcher.MyTest"/>
  <testcase name="finding_search" time="0.008" classname="website_searcher.MyTest"/>
  <testcase name="finding_search" time="0.007" classname="website_searcher.MyTest"/>
</testsuite> <!-- website_searcher.MyTest -->
