<?xml version="1.0" encoding="UTF-8"?>
<!-- Generated by org.testng.reporters.JUnitReportReporter -->
<testsuite skipped="0" hostname="LPT-SKODHA.local" name="website_searcher.website_searcher_test" tests="5" failures="0" timestamp="15 Jul 2018 03:01:10 GMT" time="21.137" errors="0">
  <testcase name="finding_search" time="4.797" classname="website_searcher.website_searcher_test"/>
  <testcase name="finding_search" time="3.601" classname="website_searcher.website_searcher_test"/>
  <testcase name="finding_search" time="4.249" classname="website_searcher.website_searcher_test"/>
  <testcase name="finding_search" time="5.232" classname="website_searcher.website_searcher_test"/>
  <testcase name="finding_search" time="3.258" classname="website_searcher.website_searcher_test"/>
</testsuite> <!-- website_searcher.website_searcher_test -->
